<?xml version="1.0" encoding="UTF-8"?>
<coverage generated="1726764263438" clover="3.2.0">
  <project timestamp="1726764263438" name="All files">
    <metrics statements="24" coveredstatements="13" conditionals="4" coveredconditionals="2" methods="2" coveredmethods="1" elements="30" coveredelements="16" complexity="0" loc="24" ncloc="24" packages="1" files="1" classes="1"/>
    <file name="textToImageApiRoutes.js" path="C:\Users\Administrator\Documents\ArtFusion-AI-Hub\backend\routers\textToImageApiRoutes.js">
      <metrics statements="24" coveredstatements="13" conditionals="4" coveredconditionals="2" methods="2" coveredmethods="1"/>
      <line num="7" count="1" type="stmt"/>
      <line num="8" count="1" type="stmt"/>
      <line num="9" count="1" type="stmt"/>
      <line num="12" count="1" type="stmt"/>
      <line num="13" count="2" type="stmt"/>
      <line num="16" count="2" type="cond" truecount="2" falsecount="0"/>
      <line num="17" count="1" type="stmt"/>
      <line num="21" count="1" type="stmt"/>
      <line num="22" count="1" type="stmt"/>
      <line num="24" count="1" type="stmt"/>
      <line num="32" count="1" type="stmt"/>
      <line num="40" count="0" type="stmt"/>
      <line num="46" count="1" type="stmt"/>
      <line num="47" count="0" type="stmt"/>
      <line num="50" count="0" type="cond" truecount="0" falsecount="2"/>
      <line num="51" count="0" type="stmt"/>
      <line num="54" count="0" type="stmt"/>
      <line num="75" count="0" type="stmt"/>
      <line num="77" count="0" type="stmt"/>
      <line num="80" count="0" type="stmt"/>
      <line num="82" count="0" type="stmt"/>
      <line num="90" count="0" type="stmt"/>
      <line num="91" count="0" type="stmt"/>
      <line num="101" count="1" type="stmt"/>
    </file>
  </project>
</coverage>
