{"C:\\Users\\Administrator\\Documents\\ArtFusion-AI-Hub\\backend\\routers\\textToImageApiRoutes.js": {"path":"C:\\Users\\Administrator\\Documents\\ArtFusion-AI-Hub\\backend\\routers\\textToImageApiRoutes.js","statementMap":{"0":{"start":{"line":7,"column":16},"end":{"line":7,"column":34}},"1":{"start":{"line":8,"column":15},"end":{"line":8,"column":31}},"2":{"start":{"line":9,"column":14},"end":{"line":9,"column":30}},"3":{"start":{"line":12,"column":0},"end":{"line":42,"column":3}},"4":{"start":{"line":13,"column":28},"end":{"line":13,"column":36}},"5":{"start":{"line":16,"column":4},"end":{"line":18,"column":5}},"6":{"start":{"line":17,"column":8},"end":{"line":17,"column":74}},"7":{"start":{"line":21,"column":20},"end":{"line":21,"column":84}},"8":{"start":{"line":22,"column":4},"end":{"line":41,"column":5}},"9":{"start":{"line":24,"column":25},"end":{"line":29,"column":10}},"10":{"start":{"line":32,"column":8},"end":{"line":38,"column":11}},"11":{"start":{"line":40,"column":8},"end":{"line":40,"column":67}},"12":{"start":{"line":46,"column":0},"end":{"line":97,"column":3}},"13":{"start":{"line":47,"column":28},"end":{"line":47,"column":36}},"14":{"start":{"line":50,"column":4},"end":{"line":52,"column":5}},"15":{"start":{"line":51,"column":8},"end":{"line":51,"column":74}},"16":{"start":{"line":54,"column":20},"end":{"line":73,"column":5}},"17":{"start":{"line":75,"column":4},"end":{"line":95,"column":5}},"18":{"start":{"line":77,"column":25},"end":{"line":77,"column":45}},"19":{"start":{"line":80,"column":8},"end":{"line":80,"column":35}},"20":{"start":{"line":82,"column":8},"end":{"line":88,"column":11}},"21":{"start":{"line":90,"column":8},"end":{"line":90,"column":49}},"22":{"start":{"line":91,"column":8},"end":{"line":94,"column":11}},"23":{"start":{"line":101,"column":0},"end":{"line":101,"column":24}}},"fnMap":{"0":{"name":"(anonymous_0)","decl":{"start":{"line":12,"column":17},"end":{"line":12,"column":18}},"loc":{"start":{"line":12,"column":37},"end":{"line":42,"column":1}},"line":12},"1":{"name":"(anonymous_1)","decl":{"start":{"line":46,"column":23},"end":{"line":46,"column":24}},"loc":{"start":{"line":46,"column":43},"end":{"line":97,"column":1}},"line":46}},"branchMap":{"0":{"loc":{"start":{"line":16,"column":4},"end":{"line":18,"column":5}},"type":"if","locations":[{"start":{"line":16,"column":4},"end":{"line":18,"column":5}},{"start":{},"end":{}}],"line":16},"1":{"loc":{"start":{"line":50,"column":4},"end":{"line":52,"column":5}},"type":"if","locations":[{"start":{"line":50,"column":4},"end":{"line":52,"column":5}},{"start":{},"end":{}}],"line":50}},"s":{"0":1,"1":1,"2":1,"3":1,"4":2,"5":2,"6":1,"7":1,"8":1,"9":1,"10":1,"11":0,"12":1,"13":0,"14":0,"15":0,"16":0,"17":0,"18":0,"19":0,"20":0,"21":0,"22":0,"23":1},"f":{"0":2,"1":0},"b":{"0":[1,1],"1":[0,0]},"_coverageSchema":"1a1c01bbd47fc00a2c39e90264f33305004495a9","hash":"0a1738b67e12c27da2277c9b169b2d5c843d0818"}
}
